error[E0080]: evaluation of constant value failed
 --> tests/compile-fail/nonzero_fail_2.rs:7:10
  |
7 | #[derive(NonZeroRepr, EnumMetadata)]
  |          ^^^^^^^^^^^ the evaluated program panicked at 'Expected non-zero discriminant expression', $DIR/tests/compile-fail/nonzero_fail_2.rs:7:10
  |
  = note: this error originates in the macro `$crate::panic::panic_2015` (in Nightly builds, run with -Z macro-backtrace for more info)
